0001_0339_0116_0024_0024.jpg 1 339 116 24 24
0002_0233_0096_0291_0291.jpg 1 233 96 291 291
0003_0060_0044_0061_0061.jpg 1 60 44 61 61
0004_0073_0203_0133_0133.jpg 1 73 203 133 133
0005_0095_0135_0192_0192.jpg 1 95 135 192 192
0006_0154_0112_0146_0146.jpg 1 154 112 146 146
0007_0168_0211_0110_0110.jpg 1 168 211 110 110
0008_0222_0029_0320_0320.jpg 1 222 29 320 320
0009_0359_0166_0156_0156.jpg 1 359 166 156 156
0010_0100_0257_0181_0181.jpg 1 100 257 181 181
0011_0456_0309_0071_0071.jpg 1 456 309 71 71
0012_0158_0183_0150_0150.jpg 1 158 183 150 150
0013_0286_0130_0185_0185.jpg 1 286 130 185 185
0014_0240_0113_0122_0122.jpg 1 240 113 122 122
0015_0373_0036_0180_0180.jpg 1 373 36 180 180
0016_0429_0078_0085_0085.jpg 1 429 78 85 85
0017_0237_0113_0284_0284.jpg 1 237 113 284 284
0018_0314_0046_0060_0060.jpg 1 314 46 60 60
0019_0132_0107_0241_0241.jpg 1 132 107 241 241
0020_0082_0061_0312_0312.jpg 1 82 61 312 312
0021_0045_0135_0314_0314.jpg 1 45 135 314 314
0022_0272_0189_0169_0169.jpg 1 272 189 169 169
0023_0365_0083_0197_0197.jpg 1 365 83 197 197
0024_0254_0173_0214_0214.jpg 1 254 173 214 214
0025_0359_0087_0232_0232.jpg 1 359 87 232 232
0026_0084_0057_0125_0125.jpg 1 84 57 125 125
0027_0146_0392_0071_0071.jpg 1 146 392 71 71
0028_0317_0309_0044_0044.jpg 1 317 309 44 44
0029_0181_0322_0094_0094.jpg 1 181 322 94 94
0030_0323_0177_0143_0143.jpg 1 323 177 143 143
0031_0190_0090_0257_0257.jpg 1 190 90 257 257
0032_0331_0132_0255_0255.jpg 1 331 132 255 255
0033_0306_0025_0249_0249.jpg 1 306 25 249 249
0034_0203_0224_0123_0123.jpg 1 203 224 123 123
0035_0148_0069_0149_0149.jpg 1 148 69 149 149
0036_0434_0087_0058_0058.jpg 1 434 87 58 58
0037_0431_0109_0095_0095.jpg 1 431 109 95 95
0038_0435_0107_0104_0104.jpg 1 435 107 104 104
0039_0219_0284_0148_0148.jpg 1 219 284 148 148
0040_0133_0046_0321_0321.jpg 1 133 46 321 321
0041_0312_0151_0211_0211.jpg 1 312 151 211 211
0042_0446_0274_0044_0044.jpg 1 446 274 44 44
0043_0482_0275_0033_0033.jpg 1 482 275 33 33
0044_0141_0220_0217_0217.jpg 1 141 220 217 217
0045_0151_0028_0305_0305.jpg 1 151 28 305 305
0046_0073_0094_0258_0258.jpg 1 73 94 258 258
0047_0289_0046_0300_0300.jpg 1 289 46 300 300
0048_0232_0112_0222_0222.jpg 1 232 112 222 222
0049_0094_0032_0272_0272.jpg 1 94 32 272 272
0050_0180_0154_0241_0241.jpg 1 180 154 241 241
0051_0456_0223_0081_0081.jpg 1 456 223 81 81
0052_0269_0191_0245_0245.jpg 1 269 191 245 245
0053_0264_0154_0256_0256.jpg 1 264 154 256 256
0054_0087_0088_0307_0307.jpg 1 87 88 307 307
0055_0342_0077_0119_0119.jpg 1 342 77 119 119
0056_0079_0153_0193_0193.jpg 1 79 153 193 193
0057_0139_0069_0140_0140.jpg 1 139 69 140 140
0058_0277_0229_0026_0026.jpg 1 277 229 26 26
0059_0330_0347_0040_0040.jpg 1 330 347 40 40
0060_0372_0266_0166_0166.jpg 1 372 266 166 166
0061_0173_0119_0271_0271.jpg 1 173 119 271 271
0062_0275_0216_0096_0096.jpg 1 275 216 96 96
0063_0325_0054_0267_0267.jpg 1 325 54 267 267
0064_0160_0256_0106_0106.jpg 1 160 256 106 106
0065_0291_0172_0119_0119.jpg 1 291 172 119 119
0066_0190_0278_0046_0046.jpg 1 190 278 46 46
0067_0102_0018_0326_0326.jpg 1 102 18 326 326
0068_0084_0175_0153_0153.jpg 1 84 175 153 153
0069_0236_0296_0105_0105.jpg 1 236 296 105 105
0070_0213_0130_0293_0293.jpg 1 213 130 293 293
0071_0383_0152_0134_0134.jpg 1 383 152 134 134
0072_0081_0043_0275_0275.jpg 1 81 43 275 275
0073_0056_0094_0158_0158.jpg 1 56 94 158 158
0074_0070_0084_0330_0330.jpg 1 70 84 330 330
0075_0190_0380_0071_0071.jpg 1 190 380 71 71
0076_0283_0245_0114_0114.jpg 1 283 245 114 114
0077_0255_0184_0273_0273.jpg 1 255 184 273 273
0078_0288_0044_0301_0301.jpg 1 288 44 301 301
0079_0237_0129_0197_0197.jpg 1 237 129 197 197
0080_0322_0153_0122_0122.jpg 1 322 153 122 122
0081_0228_0182_0025_0025.jpg 1 228 182 25 25
0082_0335_0107_0253_0253.jpg 1 335 107 253 253
0083_0192_0512_0036_0036.jpg 1 192 512 36 36
0084_0165_0333_0239_0239.jpg 1 165 333 239 239
0085_0121_0189_0145_0145.jpg 1 121 189 145 145
0086_0153_0302_0264_0264.jpg 1 153 302 264 264
0087_0049_0370_0198_0198.jpg 1 49 370 198 198
0088_0126_0086_0307_0307.jpg 1 126 86 307 307
0089_0264_0126_0309_0309.jpg 1 264 126 309 309
0090_0122_0056_0092_0092.jpg 1 122 56 92 92
0091_0252_0291_0116_0116.jpg 1 252 291 116 116
0092_0332_0175_0038_0038.jpg 1 332 175 38 38
0093_0207_0025_0287_0287.jpg 1 207 25 287 287
0094_0172_0117_0308_0308.jpg 1 172 117 308 308
0095_0106_0210_0327_0327.jpg 1 106 210 327 327
0096_0211_0336_0226_0226.jpg 1 211 336 226 226
0097_0088_0323_0180_0180.jpg 1 88 323 180 180
0098_0187_0458_0127_0127.jpg 1 187 458 127 127
0099_0096_0119_0148_0148.jpg 1 96 119 148 148
0100_0229_0154_0222_0222.jpg 1 229 154 222 222
0101_0185_0114_0323_0323.jpg 1 185 114 323 323
0102_0420_0165_0128_0128.jpg 1 420 165 128 128
0103_0404_0230_0106_0106.jpg 1 404 230 106 106
0104_0178_0106_0219_0219.jpg 1 178 106 219 219
0105_0539_0358_0027_0027.jpg 1 539 358 27 27
0106_0462_0302_0096_0096.jpg 1 462 302 96 96
0107_0118_0133_0296_0296.jpg 1 118 133 296 296
0108_0309_0065_0250_0250.jpg 1 309 65 250 250
0109_0126_0072_0104_0104.jpg 1 126 72 104 104
0110_0199_0254_0177_0177.jpg 1 199 254 177 177
0111_0210_0163_0274_0274.jpg 1 210 163 274 274
0112_0068_0053_0078_0078.jpg 1 68 53 78 78
0113_0139_0182_0229_0229.jpg 1 139 182 229 229
0114_0168_0056_0247_0247.jpg 1 168 56 247 247
0115_0464_0083_0073_0073.jpg 1 464 83 73 73
0116_0291_0158_0295_0295.jpg 1 291 158 295 295
0117_0266_0213_0145_0145.jpg 1 266 213 145 145
0118_0322_0193_0085_0085.jpg 1 322 193 85 85
0119_0131_0242_0184_0184.jpg 1 131 242 184 184
0120_0459_0268_0092_0092.jpg 1 459 268 92 92
0121_0069_0170_0130_0130.jpg 1 69 170 130 130
0122_0282_0189_0241_0241.jpg 1 282 189 241 241
0123_0176_0385_0045_0045.jpg 1 176 385 45 45
0124_0074_0327_0114_0114.jpg 1 74 327 114 114
0125_0157_0227_0066_0066.jpg 1 157 227 66 66
0126_0319_0132_0240_0240.jpg 1 319 132 240 240
0127_0491_0112_0084_0084.jpg 1 491 112 84 84
0128_0103_0032_0250_0250.jpg 1 103 32 250 250
0129_0201_0041_0321_0321.jpg 1 201 41 321 321
0130_0225_0145_0287_0287.jpg 1 225 145 287 287
0131_0253_0100_0308_0308.jpg 1 253 100 308 308
0132_0059_0213_0152_0152.jpg 1 59 213 152 152
0133_0520_0073_0041_0041.jpg 1 520 73 41 41
0134_0308_0065_0280_0280.jpg 1 308 65 280 280
0135_0181_0195_0153_0153.jpg 1 181 195 153 153
0136_0133_0198_0121_0121.jpg 1 133 198 121 121
0137_0211_0302_0129_0129.jpg 1 211 302 129 129
0138_0247_0215_0122_0122.jpg 1 247 215 122 122
0139_0101_0199_0092_0092.jpg 1 101 199 92 92
0140_0126_0100_0186_0186.jpg 1 126 100 186 186
0141_0066_0037_0253_0253.jpg 1 66 37 253 253
0142_0422_0098_0131_0131.jpg 1 422 98 131 131
0143_0298_0379_0044_0044.jpg 1 298 379 44 44
0144_0104_0055_0316_0316.jpg 1 104 55 316 316
0145_0178_0125_0292_0292.jpg 1 178 125 292 292
0146_0213_0113_0224_0224.jpg 1 213 113 224 224
0147_0256_0272_0055_0055.jpg 1 256 272 55 55
0148_0124_0044_0191_0191.jpg 1 124 44 191 191
0149_0294_0204_0236_0236.jpg 1 294 204 236 236
0150_0436_0139_0136_0136.jpg 1 436 139 136 136
0151_0335_0214_0188_0188.jpg 1 335 214 188 188
0152_0149_0071_0262_0262.jpg 1 149 71 262 262
0153_0310_0068_0213_0213.jpg 1 310 68 213 213
0154_0101_0185_0245_0245.jpg 1 101 185 245 245
0155_0088_0133_0092_0092.jpg 1 88 133 92 92
0156_0065_0056_0309_0309.jpg 1 65 56 309 309
0157_0194_0036_0282_0282.jpg 1 194 36 282 282
0158_0214_0035_0299_0299.jpg 1 214 35 299 299
0159_0183_0141_0168_0168.jpg 1 183 141 168 168
0160_0077_0117_0058_0058.jpg 1 77 117 58 58
0161_0459_0136_0092_0092.jpg 1 459 136 92 92
0162_0195_0039_0300_0300.jpg 1 195 39 300 300
0163_0248_0122_0148_0148.jpg 1 248 122 148 148
0164_0190_0139_0234_0234.jpg 1 190 139 234 234
0165_0305_0118_0239_0239.jpg 1 305 118 239 239
0166_0394_0122_0186_0186.jpg 1 394 122 186 186
0167_0410_0278_0097_0097.jpg 1 410 278 97 97
0168_0130_0101_0193_0193.jpg 1 130 101 193 193
0169_0178_0082_0124_0124.jpg 1 178 82 124 124
0170_0356_0137_0108_0108.jpg 1 356 137 108 108
0171_0199_0092_0293_0293.jpg 1 199 92 293 293
0172_0311_0093_0194_0194.jpg 1 311 93 194 194
0173_0371_0097_0054_0054.jpg 1 371 97 54 54
0174_0366_0328_0107_0107.jpg 1 366 328 107 107
0175_0088_0097_0319_0319.jpg 1 88 97 319 319
0176_0363_0110_0055_0055.jpg 1 363 110 55 55
0177_0286_0180_0216_0216.jpg 1 286 180 216 216
0178_0248_0254_0043_0043.jpg 1 248 254 43 43
0179_0104_0386_0049_0049.jpg 1 104 386 49 49
0180_0328_0305_0105_0105.jpg 1 328 305 105 105
0181_0255_0218_0212_0212.jpg 1 255 218 212 212
0182_0414_0254_0167_0167.jpg 1 414 254 167 167
0183_0521_0290_0060_0060.jpg 1 521 290 60 60
0184_0267_0233_0215_0215.jpg 1 267 233 215 215
0185_0135_0066_0203_0203.jpg 1 135 66 203 203
0186_0450_0305_0042_0042.jpg 1 450 305 42 42
0187_0147_0300_0101_0101.jpg 1 147 300 101 101
0188_0222_0112_0317_0317.jpg 1 222 112 317 317
0189_0294_0095_0176_0176.jpg 1 294 95 176 176
0190_0216_0167_0279_0279.jpg 1 216 167 279 279
0191_0056_0072_0323_0323.jpg 1 56 72 323 323
0192_0498_0175_0082_0082.jpg 1 498 175 82 82
0193_0154_0153_0260_0260.jpg 1 154 153 260 260
0194_0320_0266_0106_0106.jpg 1 320 266 106 106
0195_0156_0268_0149_0149.jpg 1 156 268 149 149
0196_0371_0168_0221_0221.jpg 1 371 168 221 221
0197_0175_0138_0149_0149.jpg 1 175 138 149 149
0198_0057_0079_0224_0224.jpg 1 57 79 224 224
0199_0146_0309_0124_0124.jpg 1 146 309 124 124
0200_0303_0073_0269_0269.jpg 1 303 73 269 269
